guess final time population in |0⟩, |1⟩: 0.951, 0.049

iter.      J_T    ∫gₐ(t)dt          J       ΔJ_T         ΔJ  secs
0     9.51e-01    0.00e+00   9.51e-01        n/a        n/a     1
1     9.24e-01    2.32e-03   9.27e-01  -2.70e-02  -2.47e-02     2
2     8.83e-01    3.53e-03   8.87e-01  -4.11e-02  -3.75e-02     2
3     8.23e-01    5.22e-03   8.28e-01  -6.06e-02  -5.54e-02     2
4     7.38e-01    7.39e-03   7.45e-01  -8.52e-02  -7.78e-02     1
5     6.26e-01    9.75e-03   6.36e-01  -1.11e-01  -1.01e-01     1
6     4.96e-01    1.16e-02   5.07e-01  -1.31e-01  -1.19e-01     1
7     3.62e-01    1.21e-02   3.74e-01  -1.34e-01  -1.22e-01     1
8     2.44e-01    1.09e-02   2.55e-01  -1.18e-01  -1.07e-01     2
9     1.53e-01    8.43e-03   1.62e-01  -9.03e-02  -8.19e-02     1
10    9.20e-02    5.80e-03   9.78e-02  -6.14e-02  -5.56e-02     1
11    5.35e-02    3.66e-03   5.72e-02  -3.85e-02  -3.48e-02     2
12    3.06e-02    2.19e-03   3.28e-02  -2.29e-02  -2.07e-02     1
13    1.73e-02    1.27e-03   1.86e-02  -1.33e-02  -1.20e-02     2
14    9.79e-03    7.24e-04   1.05e-02  -7.55e-03  -6.82e-03     2
15    5.52e-03    4.10e-04   5.93e-03  -4.27e-03  -3.86e-03     2
16    3.11e-03    2.31e-04   3.35e-03  -2.41e-03  -2.18e-03     2
17    1.76e-03    1.30e-04   1.89e-03  -1.36e-03  -1.23e-03     1
18    9.92e-04    7.36e-05   1.07e-03  -7.65e-04  -6.91e-04     1

Krotov Optimization Result
--------------------------
- Started at 2019-11-23 15:31:52
- Number of objectives: 1
- Number of iterations: 18
- Reason for termination: Reached convergence: J_T < 1e-3
- Ended at 2019-11-23 15:32:30 (0:00:38)

optimized final time population in |0⟩, |1⟩: 0.001, 0.999
